[debug] [2025-02-12T12:52:39.862Z] ----------------------------------------------------------------------
[debug] [2025-02-12T12:52:39.865Z] Command:       C:\Program Files\nodejs\node.exe C:\Users\ashar\AppData\Roaming\npm\node_modules\firebase-tools\lib\bin\firebase.js init hosting
[debug] [2025-02-12T12:52:39.865Z] CLI Version:   13.30.0
[debug] [2025-02-12T12:52:39.866Z] Platform:      win32
[debug] [2025-02-12T12:52:39.866Z] Node Version:  v18.20.5
[debug] [2025-02-12T12:52:39.867Z] Time:          Wed Feb 12 2025 17:52:39 GMT+0500 (Pakistan Standard Time)
[debug] [2025-02-12T12:52:39.867Z] ----------------------------------------------------------------------
[debug] 
[debug] [2025-02-12T12:52:39.871Z] >>> [apiv2][query] GET https://firebase-public.firebaseio.com/cli.json [none]
[debug] [2025-02-12T12:52:40.195Z] > command requires scopes: ["email","openid","https://www.googleapis.com/auth/cloudplatformprojects.readonly","https://www.googleapis.com/auth/firebase","https://www.googleapis.com/auth/cloud-platform"]
[debug] [2025-02-12T12:52:40.195Z] > authorizing via signed-in user (asharullah.khan2468@gmail.com)
[info] 
     ######## #### ########  ######## ########     ###     ######  ########
     ##        ##  ##     ## ##       ##     ##  ##   ##  ##       ##
     ######    ##  ########  ######   ########  #########  ######  ######
     ##        ##  ##    ##  ##       ##     ## ##     ##       ## ##
     ##       #### ##     ## ######## ########  ##     ##  ######  ########

You're about to initialize a Firebase project in this directory:

  D:\Internship task\admin-pannel

Before we get started, keep in mind:

  * You are initializing within an existing Firebase project directory

[debug] [2025-02-12T12:52:40.810Z] <<< [apiv2][status] GET https://firebase-public.firebaseio.com/cli.json 200
[debug] [2025-02-12T12:52:40.811Z] <<< [apiv2][body] GET https://firebase-public.firebaseio.com/cli.json {"cloudBuildErrorAfter":1594252800000,"cloudBuildWarnAfter":1590019200000,"defaultNode10After":1594252800000,"minVersion":"3.0.5","node8DeploysDisabledAfter":1613390400000,"node8RuntimeDisabledAfter":1615809600000,"node8WarnAfter":1600128000000}
[info] 
=== Project Setup
[info] 
[info] First, let's associate this project directory with a Firebase project.
[info] You can create multiple project aliases by running firebase use --add, 
[info] but for now we'll just set up a default project.
[info] 
[debug] [2025-02-12T12:52:42.890Z] Using project from CLI flag: puliziedicasa-7
[debug] [2025-02-12T12:52:42.892Z] Checked if tokens are valid: false, expires at: 1738765371773
[debug] [2025-02-12T12:52:42.893Z] Checked if tokens are valid: false, expires at: 1738765371773
[debug] [2025-02-12T12:52:42.894Z] > refreshing access token with scopes: []
[debug] [2025-02-12T12:52:42.896Z] >>> [apiv2][query] POST https://www.googleapis.com/oauth2/v3/token [none]
[debug] [2025-02-12T12:52:42.897Z] >>> [apiv2][body] POST https://www.googleapis.com/oauth2/v3/token [omitted]
[debug] [2025-02-12T12:52:43.243Z] <<< [apiv2][status] POST https://www.googleapis.com/oauth2/v3/token 200
[debug] [2025-02-12T12:52:43.243Z] <<< [apiv2][body] POST https://www.googleapis.com/oauth2/v3/token [omitted]
[debug] [2025-02-12T12:52:43.259Z] >>> [apiv2][query] GET https://firebase.googleapis.com/v1beta1/projects/puliziedicasa-7 [none]
[debug] [2025-02-12T12:52:43.794Z] <<< [apiv2][status] GET https://firebase.googleapis.com/v1beta1/projects/puliziedicasa-7 200
[debug] [2025-02-12T12:52:43.794Z] <<< [apiv2][body] GET https://firebase.googleapis.com/v1beta1/projects/puliziedicasa-7 {"projectId":"puliziedicasa-7","projectNumber":"960910998663","displayName":"PulizieDiCasa","name":"projects/puliziedicasa-7","resources":{"hostingSite":"puliziedicasa-7"},"state":"ACTIVE","etag":"1_b463dd84-b138-4b4b-bbb3-76d3e1b23b3e"}
[info] i  Using project puliziedicasa-7 (PulizieDiCasa) 
[info] 
=== Hosting Setup
[debug] [2025-02-12T12:52:43.814Z] Checked if tokens are valid: true, expires at: 1739368362243
[debug] [2025-02-12T12:52:43.814Z] Checked if tokens are valid: true, expires at: 1739368362243
[debug] [2025-02-12T12:52:43.815Z] >>> [apiv2][query] GET https://firebase.googleapis.com/v1beta1/projects/puliziedicasa-7 [none]
[debug] [2025-02-12T12:52:44.297Z] <<< [apiv2][status] GET https://firebase.googleapis.com/v1beta1/projects/puliziedicasa-7 200
[debug] [2025-02-12T12:52:44.297Z] <<< [apiv2][body] GET https://firebase.googleapis.com/v1beta1/projects/puliziedicasa-7 {"projectId":"puliziedicasa-7","projectNumber":"960910998663","displayName":"PulizieDiCasa","name":"projects/puliziedicasa-7","resources":{"hostingSite":"puliziedicasa-7"},"state":"ACTIVE","etag":"1_b463dd84-b138-4b4b-bbb3-76d3e1b23b3e"}
